  [1m[35m (4900.5ms)[0m  [1m[35mCREATE DATABASE "market_app_development" ENCODING = 'unicode'[0m
  ↳ bin/rails:9
  [1m[35m (2484.3ms)[0m  [1m[35mCREATE DATABASE "market_app_test" ENCODING = 'unicode'[0m
  ↳ bin/rails:9
  [1m[35m (57.6ms)[0m  [1m[35mCREATE TABLE "schema_migrations" ("version" character varying NOT NULL PRIMARY KEY)[0m
  ↳ bin/rails:9
  [1m[35m (15.8ms)[0m  [1m[35mCREATE TABLE "ar_internal_metadata" ("key" character varying NOT NULL PRIMARY KEY, "value" character varying, "created_at" timestamp NOT NULL, "updated_at" timestamp NOT NULL)[0m
  ↳ bin/rails:9
  [1m[35m (0.6ms)[0m  [1m[34mSELECT pg_try_advisory_lock(2081212296674741895)[0m
  ↳ bin/rails:9
  [1m[35m (8.3ms)[0m  [1m[34mSELECT "schema_migrations"."version" FROM "schema_migrations" ORDER BY "schema_migrations"."version" ASC[0m
  ↳ bin/rails:9
  [1m[36mActiveRecord::InternalMetadata Load (10.4ms)[0m  [1m[34mSELECT  "ar_internal_metadata".* FROM "ar_internal_metadata" WHERE "ar_internal_metadata"."key" = $1 LIMIT $2[0m  [["key", "environment"], ["LIMIT", 1]]
  ↳ bin/rails:9
  [1m[35m (0.4ms)[0m  [1m[35mBEGIN[0m
  ↳ bin/rails:9
  [1m[36mActiveRecord::InternalMetadata Create (2.5ms)[0m  [1m[32mINSERT INTO "ar_internal_metadata" ("key", "value", "created_at", "updated_at") VALUES ($1, $2, $3, $4) RETURNING "key"[0m  [["key", "environment"], ["value", "development"], ["created_at", "2019-10-28 06:23:27.974557"], ["updated_at", "2019-10-28 06:23:27.974557"]]
  ↳ bin/rails:9
  [1m[35m (1.1ms)[0m  [1m[35mCOMMIT[0m
  ↳ bin/rails:9
  [1m[35m (0.7ms)[0m  [1m[34mSELECT pg_advisory_unlock(2081212296674741895)[0m
  ↳ bin/rails:9
  [1m[35m (0.6ms)[0m  [1m[34mSELECT "schema_migrations"."version" FROM "schema_migrations" ORDER BY "schema_migrations"."version" ASC[0m
  ↳ bin/rails:9
Started GET "/" for ::1 at 2019-10-28 16:24:11 +1000
Processing by Rails::WelcomeController#index as HTML
  Rendering /home/philharps/.rvm/gems/ruby-2.6.3/gems/railties-5.2.3/lib/rails/templates/rails/welcome/index.html.erb
  Rendered /home/philharps/.rvm/gems/ruby-2.6.3/gems/railties-5.2.3/lib/rails/templates/rails/welcome/index.html.erb (38.9ms)
Completed 200 OK in 190ms (Views: 140.2ms | ActiveRecord: 0.0ms)


Started GET "/" for ::1 at 2019-10-30 08:32:07 +1000
Processing by Rails::WelcomeController#index as HTML
  Rendering /home/philharps/.rvm/gems/ruby-2.6.3/gems/railties-5.2.3/lib/rails/templates/rails/welcome/index.html.erb
  Rendered /home/philharps/.rvm/gems/ruby-2.6.3/gems/railties-5.2.3/lib/rails/templates/rails/welcome/index.html.erb (18.9ms)
Completed 200 OK in 99ms (Views: 67.2ms | ActiveRecord: 0.0ms)


Started GET "/pages/home" for ::1 at 2019-10-30 10:35:39 +1000
Processing by PagesController#home as HTML
  Rendering pages/home.html.erb within layouts/application
  Rendered pages/home.html.erb within layouts/application (0.6ms)
Completed 200 OK in 3503ms (Views: 3498.1ms | ActiveRecord: 0.0ms)


Started GET "/" for ::1 at 2019-10-30 10:38:02 +1000
Processing by PagesController#home as HTML
  Rendering pages/home.html.erb within layouts/application
  Rendered pages/home.html.erb within layouts/application (0.4ms)
Completed 200 OK in 68ms (Views: 64.7ms | ActiveRecord: 0.0ms)


Started GET "/" for ::1 at 2019-10-30 10:38:06 +1000
Processing by PagesController#home as HTML
  Rendering pages/home.html.erb within layouts/application
  Rendered pages/home.html.erb within layouts/application (0.4ms)
Completed 200 OK in 52ms (Views: 48.9ms | ActiveRecord: 0.0ms)


Started GET "/" for ::1 at 2019-10-30 10:39:37 +1000
Processing by PagesController#home as HTML
  Rendering pages/home.html.erb within layouts/application
  Rendered pages/home.html.erb within layouts/application (0.5ms)
Completed 200 OK in 47ms (Views: 43.6ms | ActiveRecord: 0.0ms)


